<?xml version="1.0" encoding="UTF-8"?>
<!-- Generated by org.testng.reporters.JUnitReportReporter -->
<testsuite hostname="DESKTOP-E0D86RI" failures="0" tests="3" name="TestRunnerFiles.TestNGRunnerForFeatureCucumbeLearnExample" time="0.178" errors="0" timestamp="2025-06-01T20:58:44 IST" skipped="0">
  <testcase classname="TestRunnerFiles.TestNGRunnerForFeatureCucumbeLearnExample" name="runScenario" time="0.031"/>
  <testcase classname="TestRunnerFiles.TestNGRunnerForFeatureCucumbeLearnExample" name="runScenario" time="0.139"/>
  <testcase classname="TestRunnerFiles.TestNGRunnerForFeatureCucumbeLearnExample" name="runScenario" time="0.008"/>
</testsuite> <!-- TestRunnerFiles.TestNGRunnerForFeatureCucumbeLearnExample -->
