<?xml version="1.0" encoding="UTF-8"?>
<!-- Generated by org.testng.reporters.JUnitReportReporter -->
<testsuite hostname="DESKTOP-E0D86RI" failures="0" tests="3" name="TestRunnerFiles.TestRunnerOfSeleniumLearnFeature" time="8.285" errors="0" timestamp="2025-06-01T14:45:47 IST" skipped="0">
  <testcase classname="TestRunnerFiles.TestRunnerOfSeleniumLearnFeature" name="runScenario" time="4.071"/>
  <testcase classname="TestRunnerFiles.TestRunnerOfSeleniumLearnFeature" name="runScenario" time="0.010"/>
  <testcase classname="TestRunnerFiles.TestRunnerOfSeleniumLearnFeature" name="runScenario" time="4.204"/>
</testsuite> <!-- TestRunnerFiles.TestRunnerOfSeleniumLearnFeature -->
