<?xml version="1.0" encoding="UTF-8"?>
<!-- Generated by org.testng.reporters.JUnitReportReporter -->
<testsuite hostname="DESKTOP-E0D86RI" failures="0" tests="8" name="TestRunnerFiles.TestNGRunnerForAllFeatureCucumberParallelMode" time="18.586" errors="0" timestamp="2025-06-01T21:15:47 IST" skipped="0">
  <testcase classname="TestRunnerFiles.TestNGRunnerForAllFeatureCucumberParallelMode" name="runScenario" time="0.428"/>
  <testcase classname="TestRunnerFiles.TestNGRunnerForAllFeatureCucumberParallelMode" name="runScenario" time="0.484"/>
  <testcase classname="TestRunnerFiles.TestNGRunnerForAllFeatureCucumberParallelMode" name="runScenario" time="7.114"/>
  <testcase classname="TestRunnerFiles.TestNGRunnerForAllFeatureCucumberParallelMode" name="runScenario" time="0.427"/>
  <testcase classname="TestRunnerFiles.TestNGRunnerForAllFeatureCucumberParallelMode" name="runScenario" time="0.428"/>
  <testcase classname="TestRunnerFiles.TestNGRunnerForAllFeatureCucumberParallelMode" name="runScenario" time="8.826"/>
  <testcase classname="TestRunnerFiles.TestNGRunnerForAllFeatureCucumberParallelMode" name="runScenario" time="0.452"/>
  <testcase classname="TestRunnerFiles.TestNGRunnerForAllFeatureCucumberParallelMode" name="runScenario" time="0.427"/>
</testsuite> <!-- TestRunnerFiles.TestNGRunnerForAllFeatureCucumberParallelMode -->
