<?xml version="1.0" encoding="UTF-8"?>
<!-- Generated by org.testng.reporters.JUnitReportReporter -->
<testsuite hostname="DESKTOP-E0D86RI" failures="0" tests="3" name="TestRunnerFiles.TestRunnerOfSeleniumLearnFeature" time="11.473" errors="0" timestamp="2025-06-01T09:11:00 IST" skipped="0">
  <testcase classname="TestRunnerFiles.TestRunnerOfSeleniumLearnFeature" name="runScenario" time="5.108"/>
  <testcase classname="TestRunnerFiles.TestRunnerOfSeleniumLearnFeature" name="runScenario" time="4.782"/>
  <testcase classname="TestRunnerFiles.TestRunnerOfSeleniumLearnFeature" name="runScenario" time="1.583"/>
</testsuite> <!-- TestRunnerFiles.TestRunnerOfSeleniumLearnFeature -->
