<?xml version="1.0" encoding="UTF-8"?>
<!-- Generated by org.testng.reporters.JUnitReportReporter -->
<testsuite hostname="DESKTOP-E0D86RI" failures="0" tests="3" name="TestRunnerFiles.TestNGRunnerForFeatureCucumbeLearnExample" time="0.189" errors="0" timestamp="2025-06-01T14:41:53 IST" skipped="0">
  <testcase classname="TestRunnerFiles.TestNGRunnerForFeatureCucumbeLearnExample" name="runScenario" time="0.026"/>
  <testcase classname="TestRunnerFiles.TestNGRunnerForFeatureCucumbeLearnExample" name="runScenario" time="0.011"/>
  <testcase classname="TestRunnerFiles.TestNGRunnerForFeatureCucumbeLearnExample" name="runScenario" time="0.152"/>
</testsuite> <!-- TestRunnerFiles.TestNGRunnerForFeatureCucumbeLearnExample -->
