<?xml version="1.0" encoding="UTF-8"?>
<!-- Generated by org.testng.reporters.JUnitReportReporter -->
<testsuite hostname="DESKTOP-E0D86RI" failures="0" tests="3" name="TestRunnerFiles.TestNGRunnerForFeatureCucumbeLearnExample" time="0.269" errors="0" timestamp="2025-05-31T23:04:22 IST" skipped="0">
  <testcase classname="TestRunnerFiles.TestNGRunnerForFeatureCucumbeLearnExample" name="runScenario" time="0.042"/>
  <testcase classname="TestRunnerFiles.TestNGRunnerForFeatureCucumbeLearnExample" name="runScenario" time="0.014"/>
  <testcase classname="TestRunnerFiles.TestNGRunnerForFeatureCucumbeLearnExample" name="runScenario" time="0.213"/>
</testsuite> <!-- TestRunnerFiles.TestNGRunnerForFeatureCucumbeLearnExample -->
