<?xml version="1.0" encoding="UTF-8"?>
<!-- Generated by org.testng.reporters.JUnitReportReporter -->
<testsuite hostname="DESKTOP-E0D86RI" failures="0" tests="8" name="TestRunnerFiles.TestNGRunnerForAllFeatureCucumber" time="9.130" errors="0" timestamp="2025-06-01T21:16:09 IST" skipped="0">
  <testcase classname="TestRunnerFiles.TestNGRunnerForAllFeatureCucumber" name="runScenario" time="5.592"/>
  <testcase classname="TestRunnerFiles.TestNGRunnerForAllFeatureCucumber" name="runScenario" time="0.024"/>
  <testcase classname="TestRunnerFiles.TestNGRunnerForAllFeatureCucumber" name="runScenario" time="0.013"/>
  <testcase classname="TestRunnerFiles.TestNGRunnerForAllFeatureCucumber" name="runScenario" time="0.010"/>
  <testcase classname="TestRunnerFiles.TestNGRunnerForAllFeatureCucumber" name="runScenario" time="0.136"/>
  <testcase classname="TestRunnerFiles.TestNGRunnerForAllFeatureCucumber" name="runScenario" time="0.007"/>
  <testcase classname="TestRunnerFiles.TestNGRunnerForAllFeatureCucumber" name="runScenario" time="0.018"/>
  <testcase classname="TestRunnerFiles.TestNGRunnerForAllFeatureCucumber" name="runScenario" time="3.330"/>
</testsuite> <!-- TestRunnerFiles.TestNGRunnerForAllFeatureCucumber -->
