<?xml version="1.0" encoding="UTF-8"?>
<!-- Generated by org.testng.reporters.JUnitReportReporter -->
<testsuite hostname="DESKTOP-E0D86RI" failures="0" tests="3" name="TestRunnerFiles.TestNGRunnerForFeatureCucumbeLearnExample" time="0.193" errors="0" timestamp="2025-06-01T19:24:38 IST" skipped="0">
  <testcase classname="TestRunnerFiles.TestNGRunnerForFeatureCucumbeLearnExample" name="runScenario" time="0.028"/>
  <testcase classname="TestRunnerFiles.TestNGRunnerForFeatureCucumbeLearnExample" name="runScenario" time="0.155"/>
  <testcase classname="TestRunnerFiles.TestNGRunnerForFeatureCucumbeLearnExample" name="runScenario" time="0.010"/>
</testsuite> <!-- TestRunnerFiles.TestNGRunnerForFeatureCucumbeLearnExample -->
