<?xml version="1.0" encoding="UTF-8"?>
<!-- Generated by org.testng.reporters.JUnitReportReporter -->
<testsuite hostname="DESKTOP-E0D86RI" failures="0" tests="2" name="TestRunnerFiles.TestNGRunnerForFeatureCucumberLearn" time="0.160" errors="0" timestamp="2025-05-31T22:27:00 IST" skipped="0">
  <testcase classname="TestRunnerFiles.TestNGRunnerForFeatureCucumberLearn" name="runScenario" time="0.010"/>
  <testcase classname="TestRunnerFiles.TestNGRunnerForFeatureCucumberLearn" name="runScenario" time="0.150"/>
</testsuite> <!-- TestRunnerFiles.TestNGRunnerForFeatureCucumberLearn -->
