<?xml version="1.0" encoding="UTF-8"?>
<!-- Generated by org.testng.reporters.JUnitReportReporter -->
<testsuite hostname="DESKTOP-E0D86RI" failures="0" tests="2" name="TestRunnerFiles.TestNGRunnerForFeatureCucumberLearn" time="0.172" errors="0" timestamp="2025-06-01T14:42:03 IST" skipped="0">
  <testcase classname="TestRunnerFiles.TestNGRunnerForFeatureCucumberLearn" name="runScenario" time="0.008"/>
  <testcase classname="TestRunnerFiles.TestNGRunnerForFeatureCucumberLearn" name="runScenario" time="0.164"/>
</testsuite> <!-- TestRunnerFiles.TestNGRunnerForFeatureCucumberLearn -->
